{"/Users/student/Desktop/gitprojects/tech-tests/gilded-rose/GildedRose-Refactoring-Kata/js-jasmine/spec/gilded_rose_spec.js":{"path":"/Users/student/Desktop/gitprojects/tech-tests/gilded-rose/GildedRose-Refactoring-Kata/js-jasmine/spec/gilded_rose_spec.js","s":{"1":1,"2":1,"3":1,"4":1,"5":1,"6":1,"7":1,"8":1,"9":1,"10":1,"11":1,"12":1,"13":1,"14":1,"15":2,"16":1,"17":1,"18":1,"19":1,"20":1,"21":1,"22":1,"23":1,"24":1,"25":1,"26":1,"27":1,"28":1},"b":{},"f":{"1":1,"2":1,"3":1,"4":1,"5":1,"6":1,"7":1},"fnMap":{"1":{"name":"(anonymous_1)","line":3,"loc":{"start":{"line":3,"column":24},"end":{"line":3,"column":35}}},"2":{"name":"(anonymous_2)","line":9,"loc":{"start":{"line":9,"column":25},"end":{"line":9,"column":36}}},"3":{"name":"(anonymous_3)","line":15,"loc":{"start":{"line":15,"column":51},"end":{"line":15,"column":63}}},"4":{"name":"(anonymous_4)","line":21,"loc":{"start":{"line":21,"column":60},"end":{"line":21,"column":72}}},"5":{"name":"(anonymous_5)","line":30,"loc":{"start":{"line":30,"column":46},"end":{"line":30,"column":57}}},"6":{"name":"(anonymous_6)","line":36,"loc":{"start":{"line":36,"column":68},"end":{"line":36,"column":79}}},"7":{"name":"(anonymous_7)","line":42,"loc":{"start":{"line":42,"column":64},"end":{"line":42,"column":75}}}},"statementMap":{"1":{"start":{"line":1,"column":0},"end":{"line":1,"column":52}},"2":{"start":{"line":3,"column":0},"end":{"line":48,"column":3}},"3":{"start":{"line":9,"column":2},"end":{"line":13,"column":5}},"4":{"start":{"line":10,"column":4},"end":{"line":10,"column":60}},"5":{"start":{"line":11,"column":4},"end":{"line":11,"column":45}},"6":{"start":{"line":12,"column":4},"end":{"line":12,"column":42}},"7":{"start":{"line":15,"column":2},"end":{"line":19,"column":5}},"8":{"start":{"line":16,"column":4},"end":{"line":16,"column":59}},"9":{"start":{"line":17,"column":4},"end":{"line":17,"column":45}},"10":{"start":{"line":18,"column":4},"end":{"line":18,"column":40}},"11":{"start":{"line":21,"column":2},"end":{"line":28,"column":5}},"12":{"start":{"line":22,"column":4},"end":{"line":22,"column":59}},"13":{"start":{"line":23,"column":4},"end":{"line":23,"column":14}},"14":{"start":{"line":24,"column":4},"end":{"line":26,"column":5}},"15":{"start":{"line":25,"column":6},"end":{"line":25,"column":41}},"16":{"start":{"line":27,"column":4},"end":{"line":27,"column":40}},"17":{"start":{"line":30,"column":2},"end":{"line":34,"column":5}},"18":{"start":{"line":31,"column":4},"end":{"line":31,"column":60}},"19":{"start":{"line":32,"column":4},"end":{"line":32,"column":45}},"20":{"start":{"line":33,"column":4},"end":{"line":33,"column":40}},"21":{"start":{"line":36,"column":2},"end":{"line":40,"column":5}},"22":{"start":{"line":37,"column":4},"end":{"line":37,"column":65}},"23":{"start":{"line":38,"column":4},"end":{"line":38,"column":45}},"24":{"start":{"line":39,"column":4},"end":{"line":39,"column":40}},"25":{"start":{"line":42,"column":2},"end":{"line":46,"column":5}},"26":{"start":{"line":43,"column":4},"end":{"line":43,"column":65}},"27":{"start":{"line":44,"column":4},"end":{"line":44,"column":45}},"28":{"start":{"line":45,"column":4},"end":{"line":45,"column":40}}},"branchMap":{}},"/Users/student/Desktop/gitprojects/tech-tests/gilded-rose/GildedRose-Refactoring-Kata/js-jasmine/src/gilded_rose.js":{"path":"/Users/student/Desktop/gitprojects/tech-tests/gilded-rose/GildedRose-Refactoring-Kata/js-jasmine/src/gilded_rose.js","s":{"1":6,"2":6,"3":6,"4":6,"5":7,"6":7,"7":5,"8":3,"9":3,"10":2,"11":2,"12":2,"13":0,"14":0,"15":0,"16":0,"17":0,"18":0,"19":7,"20":7,"21":7,"22":2,"23":1,"24":1,"25":1,"26":1,"27":0,"28":1,"29":1,"30":7,"31":1},"b":{"1":[5,2],"2":[7,5],"3":[3,2],"4":[3,0],"5":[2,0],"6":[0,2],"7":[0,0],"8":[0,0],"9":[0,0],"10":[0,0],"11":[7,0],"12":[2,5],"13":[1,1],"14":[1,0],"15":[1,0],"16":[1,0],"17":[1,0]},"f":{"1":6,"2":6,"3":7},"fnMap":{"1":{"name":"(anonymous_1)","line":2,"loc":{"start":{"line":2,"column":13},"end":{"line":2,"column":36}}},"2":{"name":"(anonymous_2)","line":11,"loc":{"start":{"line":11,"column":13},"end":{"line":11,"column":23}}},"3":{"name":"(anonymous_3)","line":15,"loc":{"start":{"line":15,"column":15},"end":{"line":15,"column":18}}}},"statementMap":{"1":{"start":{"line":3,"column":4},"end":{"line":3,"column":21}},"2":{"start":{"line":4,"column":4},"end":{"line":4,"column":25}},"3":{"start":{"line":5,"column":4},"end":{"line":5,"column":27}},"4":{"start":{"line":12,"column":4},"end":{"line":12,"column":23}},"5":{"start":{"line":16,"column":4},"end":{"line":60,"column":5}},"6":{"start":{"line":17,"column":6},"end":{"line":39,"column":7}},"7":{"start":{"line":18,"column":8},"end":{"line":22,"column":9}},"8":{"start":{"line":19,"column":10},"end":{"line":21,"column":11}},"9":{"start":{"line":20,"column":12},"end":{"line":20,"column":62}},"10":{"start":{"line":24,"column":8},"end":{"line":38,"column":9}},"11":{"start":{"line":25,"column":10},"end":{"line":25,"column":60}},"12":{"start":{"line":26,"column":10},"end":{"line":37,"column":11}},"13":{"start":{"line":27,"column":12},"end":{"line":31,"column":13}},"14":{"start":{"line":28,"column":14},"end":{"line":30,"column":15}},"15":{"start":{"line":29,"column":16},"end":{"line":29,"column":66}},"16":{"start":{"line":32,"column":12},"end":{"line":36,"column":13}},"17":{"start":{"line":33,"column":14},"end":{"line":35,"column":15}},"18":{"start":{"line":34,"column":16},"end":{"line":34,"column":66}},"19":{"start":{"line":40,"column":6},"end":{"line":42,"column":7}},"20":{"start":{"line":41,"column":8},"end":{"line":41,"column":56}},"21":{"start":{"line":43,"column":6},"end":{"line":59,"column":7}},"22":{"start":{"line":44,"column":8},"end":{"line":58,"column":9}},"23":{"start":{"line":45,"column":10},"end":{"line":53,"column":11}},"24":{"start":{"line":46,"column":12},"end":{"line":50,"column":13}},"25":{"start":{"line":47,"column":14},"end":{"line":49,"column":15}},"26":{"start":{"line":48,"column":16},"end":{"line":48,"column":66}},"27":{"start":{"line":52,"column":12},"end":{"line":52,"column":82}},"28":{"start":{"line":55,"column":10},"end":{"line":57,"column":11}},"29":{"start":{"line":56,"column":12},"end":{"line":56,"column":62}},"30":{"start":{"line":62,"column":4},"end":{"line":62,"column":22}},"31":{"start":{"line":65,"column":0},"end":{"line":68,"column":1}}},"branchMap":{"1":{"line":17,"type":"if","locations":[{"start":{"line":17,"column":6},"end":{"line":17,"column":6}},{"start":{"line":17,"column":6},"end":{"line":17,"column":6}}]},"2":{"line":17,"type":"binary-expr","locations":[{"start":{"line":17,"column":10},"end":{"line":17,"column":43}},{"start":{"line":17,"column":47},"end":{"line":17,"column":112}}]},"3":{"line":18,"type":"if","locations":[{"start":{"line":18,"column":8},"end":{"line":18,"column":8}},{"start":{"line":18,"column":8},"end":{"line":18,"column":8}}]},"4":{"line":19,"type":"if","locations":[{"start":{"line":19,"column":10},"end":{"line":19,"column":10}},{"start":{"line":19,"column":10},"end":{"line":19,"column":10}}]},"5":{"line":24,"type":"if","locations":[{"start":{"line":24,"column":8},"end":{"line":24,"column":8}},{"start":{"line":24,"column":8},"end":{"line":24,"column":8}}]},"6":{"line":26,"type":"if","locations":[{"start":{"line":26,"column":10},"end":{"line":26,"column":10}},{"start":{"line":26,"column":10},"end":{"line":26,"column":10}}]},"7":{"line":27,"type":"if","locations":[{"start":{"line":27,"column":12},"end":{"line":27,"column":12}},{"start":{"line":27,"column":12},"end":{"line":27,"column":12}}]},"8":{"line":28,"type":"if","locations":[{"start":{"line":28,"column":14},"end":{"line":28,"column":14}},{"start":{"line":28,"column":14},"end":{"line":28,"column":14}}]},"9":{"line":32,"type":"if","locations":[{"start":{"line":32,"column":12},"end":{"line":32,"column":12}},{"start":{"line":32,"column":12},"end":{"line":32,"column":12}}]},"10":{"line":33,"type":"if","locations":[{"start":{"line":33,"column":14},"end":{"line":33,"column":14}},{"start":{"line":33,"column":14},"end":{"line":33,"column":14}}]},"11":{"line":40,"type":"if","locations":[{"start":{"line":40,"column":6},"end":{"line":40,"column":6}},{"start":{"line":40,"column":6},"end":{"line":40,"column":6}}]},"12":{"line":43,"type":"if","locations":[{"start":{"line":43,"column":6},"end":{"line":43,"column":6}},{"start":{"line":43,"column":6},"end":{"line":43,"column":6}}]},"13":{"line":44,"type":"if","locations":[{"start":{"line":44,"column":8},"end":{"line":44,"column":8}},{"start":{"line":44,"column":8},"end":{"line":44,"column":8}}]},"14":{"line":45,"type":"if","locations":[{"start":{"line":45,"column":10},"end":{"line":45,"column":10}},{"start":{"line":45,"column":10},"end":{"line":45,"column":10}}]},"15":{"line":46,"type":"if","locations":[{"start":{"line":46,"column":12},"end":{"line":46,"column":12}},{"start":{"line":46,"column":12},"end":{"line":46,"column":12}}]},"16":{"line":47,"type":"if","locations":[{"start":{"line":47,"column":14},"end":{"line":47,"column":14}},{"start":{"line":47,"column":14},"end":{"line":47,"column":14}}]},"17":{"line":55,"type":"if","locations":[{"start":{"line":55,"column":10},"end":{"line":55,"column":10}},{"start":{"line":55,"column":10},"end":{"line":55,"column":10}}]}}}}