{"/Users/student/Desktop/gitprojects/tech-tests/gilded-rose/GildedRose-Refactoring-Kata/js-jasmine/spec/gilded_rose_spec.js":{"path":"/Users/student/Desktop/gitprojects/tech-tests/gilded-rose/GildedRose-Refactoring-Kata/js-jasmine/spec/gilded_rose_spec.js","s":{"1":1,"2":1,"3":1,"4":1,"5":1,"6":1},"b":{},"f":{"1":1,"2":1},"fnMap":{"1":{"name":"(anonymous_1)","line":2,"loc":{"start":{"line":2,"column":24},"end":{"line":2,"column":35}}},"2":{"name":"(anonymous_2)","line":4,"loc":{"start":{"line":4,"column":19},"end":{"line":4,"column":30}}}},"statementMap":{"1":{"start":{"line":1,"column":0},"end":{"line":1,"column":52}},"2":{"start":{"line":2,"column":0},"end":{"line":10,"column":3}},"3":{"start":{"line":4,"column":2},"end":{"line":8,"column":5}},"4":{"start":{"line":5,"column":4},"end":{"line":5,"column":59}},"5":{"start":{"line":6,"column":4},"end":{"line":6,"column":45}},"6":{"start":{"line":7,"column":4},"end":{"line":7,"column":43}}},"branchMap":{}},"/Users/student/Desktop/gitprojects/tech-tests/gilded-rose/GildedRose-Refactoring-Kata/js-jasmine/src/gilded_rose.js":{"path":"/Users/student/Desktop/gitprojects/tech-tests/gilded-rose/GildedRose-Refactoring-Kata/js-jasmine/src/gilded_rose.js","s":{"1":1,"2":1,"3":1,"4":1,"5":1,"6":1,"7":1,"8":0,"9":0,"10":0,"11":0,"12":0,"13":0,"14":0,"15":0,"16":0,"17":0,"18":0,"19":1,"20":1,"21":1,"22":1,"23":1,"24":1,"25":0,"26":0,"27":0,"28":0,"29":0,"30":1,"31":1},"b":{"1":[1,0],"2":[1,1],"3":[0,1],"4":[0,0],"5":[0,0],"6":[0,0],"7":[0,0],"8":[0,0],"9":[0,0],"10":[0,0],"11":[1,0],"12":[1,0],"13":[1,0],"14":[1,0],"15":[0,1],"16":[0,0],"17":[0,0]},"f":{"1":1,"2":1,"3":1},"fnMap":{"1":{"name":"(anonymous_1)","line":2,"loc":{"start":{"line":2,"column":13},"end":{"line":2,"column":36}}},"2":{"name":"(anonymous_2)","line":10,"loc":{"start":{"line":10,"column":13},"end":{"line":10,"column":23}}},"3":{"name":"(anonymous_3)","line":13,"loc":{"start":{"line":13,"column":15},"end":{"line":13,"column":18}}}},"statementMap":{"1":{"start":{"line":3,"column":4},"end":{"line":3,"column":21}},"2":{"start":{"line":4,"column":4},"end":{"line":4,"column":25}},"3":{"start":{"line":5,"column":4},"end":{"line":5,"column":27}},"4":{"start":{"line":11,"column":4},"end":{"line":11,"column":23}},"5":{"start":{"line":14,"column":4},"end":{"line":58,"column":5}},"6":{"start":{"line":15,"column":6},"end":{"line":37,"column":7}},"7":{"start":{"line":16,"column":8},"end":{"line":20,"column":9}},"8":{"start":{"line":17,"column":10},"end":{"line":19,"column":11}},"9":{"start":{"line":18,"column":12},"end":{"line":18,"column":62}},"10":{"start":{"line":22,"column":8},"end":{"line":36,"column":9}},"11":{"start":{"line":23,"column":10},"end":{"line":23,"column":60}},"12":{"start":{"line":24,"column":10},"end":{"line":35,"column":11}},"13":{"start":{"line":25,"column":12},"end":{"line":29,"column":13}},"14":{"start":{"line":26,"column":14},"end":{"line":28,"column":15}},"15":{"start":{"line":27,"column":16},"end":{"line":27,"column":66}},"16":{"start":{"line":30,"column":12},"end":{"line":34,"column":13}},"17":{"start":{"line":31,"column":14},"end":{"line":33,"column":15}},"18":{"start":{"line":32,"column":16},"end":{"line":32,"column":66}},"19":{"start":{"line":38,"column":6},"end":{"line":40,"column":7}},"20":{"start":{"line":39,"column":8},"end":{"line":39,"column":56}},"21":{"start":{"line":41,"column":6},"end":{"line":57,"column":7}},"22":{"start":{"line":42,"column":8},"end":{"line":56,"column":9}},"23":{"start":{"line":43,"column":10},"end":{"line":51,"column":11}},"24":{"start":{"line":44,"column":12},"end":{"line":48,"column":13}},"25":{"start":{"line":45,"column":14},"end":{"line":47,"column":15}},"26":{"start":{"line":46,"column":16},"end":{"line":46,"column":66}},"27":{"start":{"line":50,"column":12},"end":{"line":50,"column":82}},"28":{"start":{"line":53,"column":10},"end":{"line":55,"column":11}},"29":{"start":{"line":54,"column":12},"end":{"line":54,"column":62}},"30":{"start":{"line":60,"column":4},"end":{"line":60,"column":22}},"31":{"start":{"line":63,"column":0},"end":{"line":66,"column":1}}},"branchMap":{"1":{"line":15,"type":"if","locations":[{"start":{"line":15,"column":6},"end":{"line":15,"column":6}},{"start":{"line":15,"column":6},"end":{"line":15,"column":6}}]},"2":{"line":15,"type":"binary-expr","locations":[{"start":{"line":15,"column":10},"end":{"line":15,"column":43}},{"start":{"line":15,"column":47},"end":{"line":15,"column":112}}]},"3":{"line":16,"type":"if","locations":[{"start":{"line":16,"column":8},"end":{"line":16,"column":8}},{"start":{"line":16,"column":8},"end":{"line":16,"column":8}}]},"4":{"line":17,"type":"if","locations":[{"start":{"line":17,"column":10},"end":{"line":17,"column":10}},{"start":{"line":17,"column":10},"end":{"line":17,"column":10}}]},"5":{"line":22,"type":"if","locations":[{"start":{"line":22,"column":8},"end":{"line":22,"column":8}},{"start":{"line":22,"column":8},"end":{"line":22,"column":8}}]},"6":{"line":24,"type":"if","locations":[{"start":{"line":24,"column":10},"end":{"line":24,"column":10}},{"start":{"line":24,"column":10},"end":{"line":24,"column":10}}]},"7":{"line":25,"type":"if","locations":[{"start":{"line":25,"column":12},"end":{"line":25,"column":12}},{"start":{"line":25,"column":12},"end":{"line":25,"column":12}}]},"8":{"line":26,"type":"if","locations":[{"start":{"line":26,"column":14},"end":{"line":26,"column":14}},{"start":{"line":26,"column":14},"end":{"line":26,"column":14}}]},"9":{"line":30,"type":"if","locations":[{"start":{"line":30,"column":12},"end":{"line":30,"column":12}},{"start":{"line":30,"column":12},"end":{"line":30,"column":12}}]},"10":{"line":31,"type":"if","locations":[{"start":{"line":31,"column":14},"end":{"line":31,"column":14}},{"start":{"line":31,"column":14},"end":{"line":31,"column":14}}]},"11":{"line":38,"type":"if","locations":[{"start":{"line":38,"column":6},"end":{"line":38,"column":6}},{"start":{"line":38,"column":6},"end":{"line":38,"column":6}}]},"12":{"line":41,"type":"if","locations":[{"start":{"line":41,"column":6},"end":{"line":41,"column":6}},{"start":{"line":41,"column":6},"end":{"line":41,"column":6}}]},"13":{"line":42,"type":"if","locations":[{"start":{"line":42,"column":8},"end":{"line":42,"column":8}},{"start":{"line":42,"column":8},"end":{"line":42,"column":8}}]},"14":{"line":43,"type":"if","locations":[{"start":{"line":43,"column":10},"end":{"line":43,"column":10}},{"start":{"line":43,"column":10},"end":{"line":43,"column":10}}]},"15":{"line":44,"type":"if","locations":[{"start":{"line":44,"column":12},"end":{"line":44,"column":12}},{"start":{"line":44,"column":12},"end":{"line":44,"column":12}}]},"16":{"line":45,"type":"if","locations":[{"start":{"line":45,"column":14},"end":{"line":45,"column":14}},{"start":{"line":45,"column":14},"end":{"line":45,"column":14}}]},"17":{"line":53,"type":"if","locations":[{"start":{"line":53,"column":10},"end":{"line":53,"column":10}},{"start":{"line":53,"column":10},"end":{"line":53,"column":10}}]}}}}