TN:
SF:/Users/student/Desktop/gitprojects/tech-tests/gilded-rose/GildedRose-Refactoring-Kata/js-jasmine/spec/gilded_rose_spec.js
FN:3,(anonymous_1)
FN:9,(anonymous_2)
FN:15,(anonymous_3)
FN:21,(anonymous_4)
FN:30,(anonymous_5)
FN:36,(anonymous_6)
FN:42,(anonymous_7)
FNF:7
FNH:7
FNDA:1,(anonymous_1)
FNDA:1,(anonymous_2)
FNDA:1,(anonymous_3)
FNDA:1,(anonymous_4)
FNDA:1,(anonymous_5)
FNDA:1,(anonymous_6)
FNDA:1,(anonymous_7)
DA:1,1
DA:3,1
DA:9,1
DA:10,1
DA:11,1
DA:12,1
DA:15,1
DA:16,1
DA:17,1
DA:18,1
DA:21,1
DA:22,1
DA:23,1
DA:24,1
DA:25,2
DA:27,1
DA:30,1
DA:31,1
DA:32,1
DA:33,1
DA:36,1
DA:37,1
DA:38,1
DA:39,1
DA:42,1
DA:43,1
DA:44,1
DA:45,1
LF:28
LH:28
BRF:0
BRH:0
end_of_record
TN:
SF:/Users/student/Desktop/gitprojects/tech-tests/gilded-rose/GildedRose-Refactoring-Kata/js-jasmine/src/gilded_rose.js
FN:2,(anonymous_1)
FN:11,(anonymous_2)
FN:15,(anonymous_3)
FNF:3
FNH:3
FNDA:6,(anonymous_1)
FNDA:6,(anonymous_2)
FNDA:7,(anonymous_3)
DA:3,6
DA:4,6
DA:5,6
DA:12,6
DA:16,7
DA:17,7
DA:18,5
DA:19,3
DA:20,3
DA:24,2
DA:25,2
DA:26,2
DA:27,0
DA:28,0
DA:29,0
DA:32,0
DA:33,0
DA:34,0
DA:40,7
DA:41,7
DA:43,7
DA:44,2
DA:45,1
DA:46,1
DA:47,1
DA:48,1
DA:52,0
DA:55,1
DA:56,1
DA:62,7
DA:65,1
LF:31
LH:24
BRDA:17,1,0,5
BRDA:17,1,1,2
BRDA:17,2,0,7
BRDA:17,2,1,5
BRDA:18,3,0,3
BRDA:18,3,1,2
BRDA:19,4,0,3
BRDA:19,4,1,0
BRDA:24,5,0,2
BRDA:24,5,1,0
BRDA:26,6,0,0
BRDA:26,6,1,2
BRDA:27,7,0,0
BRDA:27,7,1,0
BRDA:28,8,0,0
BRDA:28,8,1,0
BRDA:32,9,0,0
BRDA:32,9,1,0
BRDA:33,10,0,0
BRDA:33,10,1,0
BRDA:40,11,0,7
BRDA:40,11,1,0
BRDA:43,12,0,2
BRDA:43,12,1,5
BRDA:44,13,0,1
BRDA:44,13,1,1
BRDA:45,14,0,1
BRDA:45,14,1,0
BRDA:46,15,0,1
BRDA:46,15,1,0
BRDA:47,16,0,1
BRDA:47,16,1,0
BRDA:55,17,0,1
BRDA:55,17,1,0
BRF:34
BRH:18
end_of_record
